<?xml version="1.0" encoding="UTF-8"?>
<testsuite xmlns:xsi="http://www.w3.org/2001/XMLSchema-instance" xsi:noNamespaceSchemaLocation="https://maven.apache.org/surefire/maven-surefire-plugin/xsd/surefire-test-report.xsd" name="br.edu.ifal.contabancaria.ContaTest" time="0.024" tests="5" errors="0" skipped="0" failures="0">
  <properties>
[...]
</properties>
  <testcase name="deveRetornarExcecaoQuandoParametroForInvalido" classname="br.edu.ifal.contabancaria.ContaTest" time="0.016"/>
  <testcase name="deveRetornarSaldoDecrementadoAoFazerSaque" classname="br.edu.ifal.contabancaria.ContaTest" time="0"/>
  <testcase name="deveRetornarExcecaoQuandoSaldoForInsufienteParaSaque" classname="br.edu.ifal.contabancaria.ContaTest" time="0.001"/>
  <testcase name="deveRetornarSaldoIncrementadoAoFazerDeposito" classname="br.edu.ifal.contabancaria.ContaTest" time="0"/>
  <testcase name="deveRetornarSaldoCorreto" classname="br.edu.ifal.contabancaria.ContaTest" time="0"/>
</testsuite>